ERROR 2026-04-07 19:04:29,506 log Internal Server Error: /accounts/login/
Traceback (most recent call last):
  File "C:\Users\acer\anaconda3\envs\computer_vision\Lib\site-packages\django\core\handlers\exception.py", line 55, in inner
    response = get_response(request)
               ^^^^^^^^^^^^^^^^^^^^^
  File "C:\Users\acer\anaconda3\envs\computer_vision\Lib\site-packages\django\core\handlers\base.py", line 220, in _get_response
    response = response.render()
               ^^^^^^^^^^^^^^^^^
  File "C:\Users\acer\anaconda3\envs\computer_vision\Lib\site-packages\django\template\response.py", line 114, in render
    self.content = self.rendered_content
                   ^^^^^^^^^^^^^^^^^^^^^
  File "C:\Users\acer\anaconda3\envs\computer_vision\Lib\site-packages\django\template\response.py", line 90, in rendered_content
    template = self.resolve_template(self.template_name)
               ^^^^^^^^^^^^^^^^^^^^^^^^^^^^^^^^^^^^^^^^^
  File "C:\Users\acer\anaconda3\envs\computer_vision\Lib\site-packages\django\template\response.py", line 72, in resolve_template
    return select_template(template, using=self.using)
           ^^^^^^^^^^^^^^^^^^^^^^^^^^^^^^^^^^^^^^^^^^^
  File "C:\Users\acer\anaconda3\envs\computer_vision\Lib\site-packages\django\template\loader.py", line 47, in select_template
    raise TemplateDoesNotExist(", ".join(template_name_list), chain=chain)
django.template.exceptions.TemplateDoesNotExist: registration/login.html
INFO 2026-04-07 19:27:52,441 autoreload Watching for file changes with StatReloader
INFO 2026-04-07 19:29:47,832 autoreload Watching for file changes with StatReloader
INFO 2026-04-07 19:38:06,021 autoreload C:\Users\acer\Downloads\bug_project\bugtracker\tracker\urls.py changed, reloading.
INFO 2026-04-07 19:38:07,691 autoreload Watching for file changes with StatReloader
INFO 2026-04-07 19:38:24,237 autoreload C:\Users\acer\Downloads\bug_project\bugtracker\tracker\views.py changed, reloading.
INFO 2026-04-07 19:38:25,770 autoreload Watching for file changes with StatReloader
INFO 2026-04-07 19:38:31,771 autoreload C:\Users\acer\Downloads\bug_project\bugtracker\tracker\forms.py changed, reloading.
INFO 2026-04-07 19:38:33,334 autoreload Watching for file changes with StatReloader
INFO 2026-04-07 19:38:40,670 autoreload C:\Users\acer\Downloads\bug_project\bugtracker\tracker\views.py changed, reloading.
INFO 2026-04-07 19:38:42,291 autoreload Watching for file changes with StatReloader
INFO 2026-04-07 19:39:23,918 autoreload C:\Users\acer\Downloads\bug_project\bugtracker\tracker\views.py changed, reloading.
INFO 2026-04-07 19:39:25,882 autoreload Watching for file changes with StatReloader
INFO 2026-04-07 21:20:37,751 autoreload Watching for file changes with StatReloader
INFO 2026-04-07 21:27:04,890 autoreload C:\Users\acer\Downloads\bug_project\bugtracker\tracker\views.py changed, reloading.
INFO 2026-04-07 21:27:06,033 autoreload C:\Users\acer\Downloads\bug_project\bugtracker\tracker\views.py changed, reloading.
INFO 2026-04-07 21:27:07,029 autoreload Watching for file changes with StatReloader
INFO 2026-04-07 21:27:08,070 autoreload Watching for file changes with StatReloader
INFO 2026-04-07 21:27:11,261 autoreload C:\Users\acer\Downloads\bug_project\bugtracker\tracker\models.py changed, reloading.
